<?xml version="1.0" encoding="UTF-8"?>
<!-- Generated by org.testng.reporters.JUnitReportReporter -->
<testsuite hostname="ATULISHWAR" failures="0" tests="2" name="Com.MyStore.TestCases.HomePageTest" time="95.800" errors="0" timestamp="2022-06-13T18:28:33 IST" skipped="0">
  <testcase classname="Com.MyStore.TestCases.HomePageTest" name="OrderHistoryandDetailsTest" time="40.636"/>
  <system-out/>
  <testcase classname="Com.MyStore.TestCases.HomePageTest" name="WishListTest" time="55.164"/>
  <system-out/>
</testsuite> <!-- Com.MyStore.TestCases.HomePageTest -->
