<?xml version="1.0" encoding="UTF-8"?>
<!-- Generated by org.testng.reporters.JUnitReportReporter -->
<testsuite hostname="ATULISHWAR" failures="0" tests="2" name="Com.MyStore.TestCases.IndexPageTest" time="13.446" errors="0" timestamp="2022-06-13T18:28:33 IST" skipped="0">
  <testcase classname="Com.MyStore.TestCases.IndexPageTest" name="VerifyLogo" time="6.564"/>
  <system-out/>
  <testcase classname="Com.MyStore.TestCases.IndexPageTest" name="VerifyTitle" time="6.882"/>
  <system-out/>
</testsuite> <!-- Com.MyStore.TestCases.IndexPageTest -->
