<?xml version="1.0" encoding="UTF-8"?>
<!-- Generated by org.testng.reporters.JUnitReportReporter -->
<testsuite hostname="ATULISHWAR" failures="0" tests="1" name="Com.MyStore.TestCases.SearchResultPageTest" time="10.922" errors="0" timestamp="2022-06-13T18:28:33 IST" skipped="0">
  <testcase classname="Com.MyStore.TestCases.SearchResultPageTest" name="ProductAvailabilityTest" time="10.922"/>
  <system-out/>
</testsuite> <!-- Com.MyStore.TestCases.SearchResultPageTest -->
