<?xml version="1.0" encoding="UTF-8"?>
<!-- Generated by org.testng.reporters.JUnitReportReporter -->
<testsuite hostname="ATULISHWAR" failures="0" tests="1" name="Com.MyStore.TestCases.LoginPageTest" time="16.921" errors="0" timestamp="2022-06-13T18:28:33 IST" skipped="0">
  <testcase classname="Com.MyStore.TestCases.LoginPageTest" name="LoginTest" time="16.921"/>
  <system-out/>
</testsuite> <!-- Com.MyStore.TestCases.LoginPageTest -->
